
Showing logs for build [32mcb-kubecd-environment-pr-182-66-62rd4-1[0m stage [32mfrom-build-pack[0m and container [32mstep-credential-initializer-8bslc[0m
{"level":"warn","ts":1584270902.8031757,"logger":"fallback-logger","caller":"logging/config.go:69","msg":"Fetch GitHub commit ID from kodata failed: \"ref: refs/heads/0.8.0-**-support-backwards-incompats\" is not a valid GitHub commit ID"}
{"level":"info","ts":1584270902.8040457,"logger":"fallback-logger","caller":"creds-init/main.go:40","msg":"Credentials initialized."}

Showing logs for build [32mcb-kubecd-environment-pr-182-66-62rd4-1[0m stage [32mfrom-build-pack[0m and container [32mstep-working-dir-initializer-z25k5[0m
{"level":"warn","ts":1584270903.6919713,"logger":"fallback-logger","caller":"logging/config.go:69","msg":"Fetch GitHub commit ID from kodata failed: open /var/run/ko/HEAD: no such file or directory"}
{"level":"info","ts":1584270903.6973057,"logger":"fallback-logger","caller":"bash/main.go:64","msg":"Successfully executed command \"sh -c mkdir -p /workspace/source\"; output "}

Showing logs for build [32mcb-kubecd-environment-pr-182-66-62rd4-1[0m stage [32mfrom-build-pack[0m and container [32mstep-place-tools[0m

Showing logs for build [32mcb-kubecd-environment-pr-182-66-62rd4-1[0m stage [32mfrom-build-pack[0m and container [32mstep-git-source-cb-kubecd-environment-pr-182-66-62rd4-r6zzr[0m
{"level":"warn","ts":1584270907.8429325,"logger":"fallback-logger","caller":"logging/config.go:69","msg":"Fetch GitHub commit ID from kodata failed: \"ref: refs/heads/0.8.0-**-support-backwards-incompats\" is not a valid GitHub commit ID"}
{"level":"info","ts":1584270908.883061,"logger":"fallback-logger","caller":"git/git.go:103","msg":"Successfully cloned https://github.com/cb-kubecd/environment-pr-182-66-boot-vault-gke-staging.git @ master in path /workspace/source"}

Showing logs for build [32mcb-kubecd-environment-pr-182-66-62rd4-1[0m stage [32mfrom-build-pack[0m and container [32mstep-git-merge[0m
Using SHAs from PULL_REFS=master:8882996b657d996f05e7270719a9f2467d00642f,3:bac5ea7fb964c3d9e15d6b8f23b407a261bf5dca
DEBUG: LC_ALL=C JX_LOG_LEVEL=error git fetch origin --unshallow bac5ea7fb964c3d9e15d6b8f23b407a261bf5dca: 8882996b657d996f05e7270719a9f2467d00642f:
DEBUG: ran git fetch --unshallow origin bac5ea7fb964c3d9e15d6b8f23b407a261bf5dca: 8882996b657d996f05e7270719a9f2467d00642f: in 
DEBUG: JX_LOG_LEVEL=error LC_ALL=C git branch
DEBUG: LC_ALL=C JX_LOG_LEVEL=error git checkout master
DEBUG: ran git checkout master in 
DEBUG: JX_LOG_LEVEL=error LC_ALL=C git reset --hard 8882996b657d996f05e7270719a9f2467d00642f
DEBUG: ran git reset --hard 8882996b657d996f05e7270719a9f2467d00642f in 
DEBUG: LC_ALL=C JX_LOG_LEVEL=error git clean -fd .
DEBUG: ran clean --force -d . in 
DEBUG: LC_ALL=C JX_LOG_LEVEL=error git merge bac5ea7fb964c3d9e15d6b8f23b407a261bf5dca
DEBUG: ran git merge bac5ea7fb964c3d9e15d6b8f23b407a261bf5dca in 
DEBUG: LC_ALL=C JX_LOG_LEVEL=error git log --format=%H%x1f%an%x1f%ae%x1f%cn%x1f%ce%x1f%s%n%b%x1e 8882996b657d996f05e7270719a9f2467d00642f..HEAD
Merged SHA bac5ea7fb964c3d9e15d6b8f23b407a261bf5dca with commit message 'chore: Promote bdd-nh-1584269646 to version 0.0.1' into base branch master

Showing logs for build [32mcb-kubecd-environment-pr-182-66-62rd4-1[0m stage [32mfrom-build-pack[0m and container [32mstep-build-helm-build[0m
WARNING: No $CHART_REPOSITORY defined so using the default value of: http://jenkins-x-chartmuseum:8080
Adding missing Helm repo: storage.googleapis.com https://storage.googleapis.com/chartmuseum.jenkins-x.io
WARNING: No secrets found on "helm/repos" due: reading the secret "helm/repos" from vault: no secret "helm/repos" not found in vault
Read credentials for https://storage.googleapis.com/chartmuseum.jenkins-x.io from vault helm/repos
Successfully added Helm repository storage.googleapis.com.
Adding missing Helm repo: jenkins-x-chartmuseum http://jenkins-x-chartmuseum:8080
WARNING: No secrets found on "helm/repos" due: reading the secret "helm/repos" from vault: no secret "helm/repos" not found in vault
Read credentials for http://jenkins-x-chartmuseum:8080 from vault helm/repos
Successfully added Helm repository jenkins-x-chartmuseum.
WARNING: No $CHART_REPOSITORY defined so using the default value of: http://jenkins-x-chartmuseum:8080
Adding missing Helm repo: chartmuseum.jenkins-x.io http://chartmuseum.jenkins-x.io
WARNING: No secrets found on "helm/repos" due: reading the secret "helm/repos" from vault: no secret "helm/repos" not found in vault
Read credentials for http://chartmuseum.jenkins-x.io from vault helm/repos
Successfully added Helm repository chartmuseum.jenkins-x.io.
