
Showing logs for build [32mcb-kubecd-environment-pr-182-66-v4p7t-1[0m stage [32mfrom-build-pack[0m and container [32mstep-credential-initializer-qx9cn[0m
{"level":"warn","ts":1584271830.410108,"logger":"fallback-logger","caller":"logging/config.go:69","msg":"Fetch GitHub commit ID from kodata failed: \"ref: refs/heads/0.8.0-**-support-backwards-incompats\" is not a valid GitHub commit ID"}
{"level":"info","ts":1584271830.410688,"logger":"fallback-logger","caller":"creds-init/main.go:40","msg":"Credentials initialized."}

Showing logs for build [32mcb-kubecd-environment-pr-182-66-v4p7t-1[0m stage [32mfrom-build-pack[0m and container [32mstep-working-dir-initializer-598f7[0m
{"level":"warn","ts":1584271831.8890488,"logger":"fallback-logger","caller":"logging/config.go:69","msg":"Fetch GitHub commit ID from kodata failed: open /var/run/ko/HEAD: no such file or directory"}
{"level":"info","ts":1584271831.890479,"logger":"fallback-logger","caller":"bash/main.go:64","msg":"Successfully executed command \"sh -c mkdir -p /workspace/source\"; output "}

Showing logs for build [32mcb-kubecd-environment-pr-182-66-v4p7t-1[0m stage [32mfrom-build-pack[0m and container [32mstep-place-tools[0m

Showing logs for build [32mcb-kubecd-environment-pr-182-66-v4p7t-1[0m stage [32mfrom-build-pack[0m and container [32mstep-git-source-cb-kubecd-environment-pr-182-66-v4p7t-442lw[0m
{"level":"warn","ts":1584271835.0335855,"logger":"fallback-logger","caller":"logging/config.go:69","msg":"Fetch GitHub commit ID from kodata failed: \"ref: refs/heads/0.8.0-**-support-backwards-incompats\" is not a valid GitHub commit ID"}
{"level":"info","ts":1584271836.670618,"logger":"fallback-logger","caller":"git/git.go:103","msg":"Successfully cloned https://github.com/cb-kubecd/environment-pr-182-66-boot-vault-gke-staging.git @ master in path /workspace/source"}

Showing logs for build [32mcb-kubecd-environment-pr-182-66-v4p7t-1[0m stage [32mfrom-build-pack[0m and container [32mstep-git-merge[0m
Using SHAs from PULL_REFS=master:de3e84a2e926fa4c3ec0a70c219b63b064f07a41,4:7e9445a7d2c087d22db0a3700c3f8db44d904dfc
DEBUG: LC_ALL=C JX_LOG_LEVEL=error git fetch origin --unshallow 7e9445a7d2c087d22db0a3700c3f8db44d904dfc: de3e84a2e926fa4c3ec0a70c219b63b064f07a41:
DEBUG: ran git fetch --unshallow origin 7e9445a7d2c087d22db0a3700c3f8db44d904dfc: de3e84a2e926fa4c3ec0a70c219b63b064f07a41: in 
DEBUG: LC_ALL=C JX_LOG_LEVEL=error git branch
DEBUG: LC_ALL=C JX_LOG_LEVEL=error git checkout master
DEBUG: ran git checkout master in 
DEBUG: LC_ALL=C JX_LOG_LEVEL=error git reset --hard de3e84a2e926fa4c3ec0a70c219b63b064f07a41
DEBUG: ran git reset --hard de3e84a2e926fa4c3ec0a70c219b63b064f07a41 in 
DEBUG: LC_ALL=C JX_LOG_LEVEL=error git clean -fd .
DEBUG: ran clean --force -d . in 
DEBUG: LC_ALL=C JX_LOG_LEVEL=error git merge 7e9445a7d2c087d22db0a3700c3f8db44d904dfc
DEBUG: ran git merge 7e9445a7d2c087d22db0a3700c3f8db44d904dfc in 
DEBUG: LC_ALL=C JX_LOG_LEVEL=error git log --format=%H%x1f%an%x1f%ae%x1f%cn%x1f%ce%x1f%s%n%b%x1e de3e84a2e926fa4c3ec0a70c219b63b064f07a41..HEAD
Merged SHA 7e9445a7d2c087d22db0a3700c3f8db44d904dfc with commit message 'chore: Promote bdd-gh-1584269646 to version 0.0.1' into base branch master

Showing logs for build [32mcb-kubecd-environment-pr-182-66-v4p7t-1[0m stage [32mfrom-build-pack[0m and container [32mstep-build-helm-build[0m
WARNING: No $CHART_REPOSITORY defined so using the default value of: http://jenkins-x-chartmuseum:8080
Adding missing Helm repo: storage.googleapis.com https://storage.googleapis.com/chartmuseum.jenkins-x.io
WARNING: No secrets found on "helm/repos" due: reading the secret "helm/repos" from vault: no secret "helm/repos" not found in vault
Read credentials for https://storage.googleapis.com/chartmuseum.jenkins-x.io from vault helm/repos
Successfully added Helm repository storage.googleapis.com.
Adding missing Helm repo: jenkins-x-chartmuseum http://jenkins-x-chartmuseum:8080
WARNING: No secrets found on "helm/repos" due: reading the secret "helm/repos" from vault: no secret "helm/repos" not found in vault
Read credentials for http://jenkins-x-chartmuseum:8080 from vault helm/repos
Successfully added Helm repository jenkins-x-chartmuseum.
WARNING: No $CHART_REPOSITORY defined so using the default value of: http://jenkins-x-chartmuseum:8080
Adding missing Helm repo: chartmuseum.jenkins-x.io http://chartmuseum.jenkins-x.io
WARNING: No secrets found on "helm/repos" due: reading the secret "helm/repos" from vault: no secret "helm/repos" not found in vault
Read credentials for http://chartmuseum.jenkins-x.io from vault helm/repos
Successfully added Helm repository chartmuseum.jenkins-x.io.
